Container: container_1760588195168_0069_01_000001 on vm-96043779_45119
LogAggregationType: AGGREGATED
======================================================================
LogType:stdout-active
LogLastModifiedTime:Thu Oct 16 08:02:30 +0000 2025
LogLength:77258
LogContents:
2025-10-16 08:00:16,290 INFO UserConsole [redirect output]: 2025-10-16 08:00:16 | INFO: Finished definition: ax_sat_customer_sites_attributes. Result: {'LoadDefinition': 'ax_sat_customer_sites_attributes', 'Source': 'staging_ax.sat_customer_sites_attributes_ax', 'SourceQuery': 'SELECT * FROM domain_party.etl_sat_customer_sites_attributes_ax', 'Target': 'domain_party.sat_customer_sites_attributes_ax', 'SaveMode': 'merge', 'is_success': True, 'ErrorMessage': '', 'ErrorFailureType': '', 'refresh_row': Row(source_database_name='staging_ax', source_table_or_view_name='sat_customer_sites_attributes_ax', target_database_name='domain_party', target_table_name='sat_customer_sites_attributes_ax', last_refresh_timestamp=datetime.datetime(2025, 10, 16, 8, 0, 16, 51013), run_id='da82fce1-3c6f-4b52-8764-3080872d9337')}

2025-10-16 08:00:16,306 INFO UserConsole [redirect output]: 2025-10-16 08:00:16 | INFO: Starting concurrent load definition runs.

2025-10-16 08:00:16,309 INFO UserConsole [redirect output]: 2025-10-16 08:00:16 | INFO: oracle_edm_hal_customer_site_midparent | Get Source | staging_oracle_edm.hal_customer_site_midparent | SELECT * FROM domain_party.etl_hal_customer_site_midparent_oracle_edm
2025-10-16 08:00:16,309 INFO UserConsole [redirect output]: 

2025-10-16 08:00:16,314 INFO UserConsole [redirect output]: 2025-10-16 08:00:16 | INFO: oracle_edm_hal_customer_top_account_grouping | Get Source | staging_oracle_edm.hal_customer_top_account_grouping | SELECT * FROM domain_party.etl_hal_customer_top_account_grouping_oracle_edm

2025-10-16 08:00:16,315 INFO UserConsole [redirect output]: 2025-10-16 08:00:16 | INFO: oracle_edm_hub_customer | Get Source | staging_oracle_edm.hub_customer | SELECT * FROM domain_party.etl_hub_customer_oracle_edm

2025-10-16 08:00:16,317 INFO UserConsole [redirect output]: 2025-10-16 08:00:16 | INFO: oracle_edm_hub_customer_sites | Get Source | staging_oracle_edm.hub_customer_sites | SELECT * FROM domain_party.etl_hub_customer_sites_oracle_edm

2025-10-16 08:00:16,322 INFO UserConsole [redirect output]: 2025-10-16 08:00:16 | INFO: oracle_edm_lnk_customer_customer_sites | Get Source | staging_oracle_edm.lnk_customer_customer_sites | SELECT * FROM domain_party.etl_lnk_customer_customer_sites_oracle_edm

2025-10-16 08:00:16,326 INFO UserConsole [redirect output]: 2025-10-16 08:00:16 | INFO: oracle_edm_lnk_customer_sales_team | Get Source | staging_oracle_edm.lnk_customer_sales_team | SELECT * FROM domain_party.etl_lnk_customer_sales_team_oracle_edm

2025-10-16 08:00:16,326 INFO UserConsole [redirect output]: 2025-10-16 08:00:16 | INFO: oracle_edm_lnk_customer_sites_sales_team | Get Source | staging_oracle_edm.lnk_customer_sites_sales_team | SELECT * FROM domain_party.etl_lnk_customer_sites_sales_team_oracle_edm

2025-10-16 08:00:16,326 INFO UserConsole [redirect output]: 2025-10-16 08:00:16 | INFO: oracle_edm_sat_customer_sites_sales_team | Get Source | staging_oracle_edm.sat_customer_sites_sales_team_oracle_edm | SELECT * FROM domain_party.etl_sat_customer_sites_sales_team_oracle_edm
2025-10-16 08:00:16,327 INFO UserConsole [redirect output]: 

2025-10-16 08:00:16,327 INFO UserConsole [redirect output]: 2025-10-16 08:00:16 | INFO: oracle_edm_sat_customer_sales_team | Get Source | staging_oracle_edm.sat_customer_sales_team_oracle_edm | SELECT * FROM domain_party.etl_sat_customer_sales_team_oracle_edm

2025-10-16 08:00:16,327 INFO UserConsole [redirect output]: 2025-10-16 08:00:16 | INFO: oracle_edm_sat_customer_sites_attributes | Get Source | staging_oracle_edm.sat_customer_sites_attributes_oracle_edm | SELECT * FROM domain_party.etl_sat_customer_sites_attributes_oracle_edm
2025-10-16 08:00:16,327 INFO UserConsole [redirect output]: 

2025-10-16 08:00:16,328 INFO UserConsole [redirect output]: 2025-10-16 08:00:16 | INFO: oracle_edm_lnk_employee_sales_team | Get Source | staging_oracle_edm.lnk_employee_sales_team | SELECT * FROM domain_party.etl_lnk_employee_sales_team_oracle_edm

2025-10-16 08:00:16,329 INFO UserConsole [redirect output]: 2025-10-16 08:00:16 | INFO: oracle_edm_hub_sales_team | Get Source | staging_oracle_edm.hub_sales_team | SELECT * FROM domain_party.etl_hub_sales_team_oracle_edm

2025-10-16 08:00:22,992 INFO UserConsole [redirect output]: 2025-10-16 08:00:22 | INFO: oracle_edm_sat_customer_sites_attributes | Save to table: domain_party.sat_customer_sites_attributes_oracle_edm, mode=merge. Source query: SELECT * FROM domain_party.etl_sat_customer_sites_attributes_oracle_edm

2025-10-16 08:00:23,819 INFO UserConsole [redirect output]: 2025-10-16 08:00:23 | INFO: oracle_edm_lnk_customer_sites_sales_team | Save to table: domain_party.lnk_customer_sites_sales_team, mode=append. Source query: SELECT * FROM domain_party.etl_lnk_customer_sites_sales_team_oracle_edm

2025-10-16 08:00:24,130 INFO UserConsole [redirect output]: 2025-10-16 08:00:24 | INFO: oracle_edm_hub_sales_team | Save to table: domain_party.hub_sales_team, mode=append. Source query: SELECT * FROM domain_party.etl_hub_sales_team_oracle_edm

2025-10-16 08:00:24,243 INFO UserConsole [redirect output]: 2025-10-16 08:00:24 | INFO: oracle_edm_hub_customer | Save to table: domain_party.hub_customer, mode=append. Source query: SELECT * FROM domain_party.etl_hub_customer_oracle_edm

2025-10-16 08:00:24,349 INFO UserConsole [redirect output]: 2025-10-16 08:00:24 | INFO: oracle_edm_lnk_customer_sales_team | Save to table: domain_party.lnk_customer_sales_team, mode=append. Source query: SELECT * FROM domain_party.etl_lnk_customer_sales_team_oracle_edm

2025-10-16 08:00:24,616 INFO UserConsole [redirect output]: 2025-10-16 08:00:24 | INFO: oracle_edm_hub_customer_sites | Save to table: domain_party.hub_customer_sites, mode=append. Source query: SELECT * FROM domain_party.etl_hub_customer_sites_oracle_edm

2025-10-16 08:00:24,719 INFO UserConsole [redirect output]: 2025-10-16 08:00:24 | INFO: oracle_edm_sat_customer_sales_team | Save to table: domain_party.sat_customer_sales_team_oracle_edm, mode=append. Source query: SELECT * FROM domain_party.etl_sat_customer_sales_team_oracle_edm

2025-10-16 08:00:24,772 INFO UserConsole [redirect output]: 2025-10-16 08:00:24 | INFO: oracle_edm_lnk_employee_sales_team | Save to table: domain_party.lnk_employee_sales_team, mode=append. Source query: SELECT * FROM domain_party.etl_lnk_employee_sales_team_oracle_edm

2025-10-16 08:00:24,929 INFO UserConsole [redirect output]: 2025-10-16 08:00:24 | INFO: oracle_edm_sat_customer_sites_sales_team | Save to table: domain_party.sat_customer_sites_sales_team_oracle_edm, mode=merge. Source query: SELECT * FROM domain_party.etl_sat_customer_sites_sales_team_oracle_edm

2025-10-16 08:00:25,079 INFO UserConsole [redirect output]: 2025-10-16 08:00:25 | INFO: oracle_edm_lnk_customer_customer_sites | Save to table: domain_party.lnk_customer_customer_sites, mode=append. Source query: SELECT * FROM domain_party.etl_lnk_customer_customer_sites_oracle_edm

2025-10-16 08:00:26,330 INFO UserConsole [redirect output]: 2025-10-16 08:00:26 | INFO: oracle_edm_hal_customer_site_midparent | Save to table: domain_party.hal_customer_site_midparent, mode=append. Source query: SELECT * FROM domain_party.etl_hal_customer_site_midparent_oracle_edm

2025-10-16 08:00:27,141 INFO UserConsole [redirect output]: 2025-10-16 08:00:27 | INFO: oracle_edm_hal_customer_top_account_grouping | Save to table: domain_party.hal_customer_top_account_grouping, mode=append. Source query: SELECT * FROM domain_party.etl_hal_customer_top_account_grouping_oracle_edm
2025-10-16 08:00:27,141 INFO UserConsole [redirect output]: 

2025-10-16 08:00:33,588 INFO UserConsole [redirect output]: 2025-10-16 08:00:33 | INFO: oracle_edm_sat_employee_sales_team_attributes | Get Source | staging_oracle_edm.sat_employee_sales_team_attributes_oracle_edm | SELECT * FROM domain_party.etl_sat_employee_sales_team_attributes_oracle_edm

2025-10-16 08:00:33,833 INFO UserConsole [redirect output]: 2025-10-16 08:00:33 | INFO: Finished definition: oracle_edm_lnk_customer_sales_team. Result: {'LoadDefinition': 'oracle_edm_lnk_customer_sales_team', 'Source': 'staging_oracle_edm.lnk_customer_sales_team', 'SourceQuery': 'SELECT * FROM domain_party.etl_lnk_customer_sales_team_oracle_edm', 'Target': 'domain_party.lnk_customer_sales_team', 'SaveMode': 'append', 'is_success': True, 'ErrorMessage': '', 'ErrorFailureType': '', 'refresh_row': Row(source_database_name='staging_oracle_edm', source_table_or_view_name='lnk_customer_sales_team', target_database_name='domain_party', target_table_name='lnk_customer_sales_team', last_refresh_timestamp=datetime.datetime(2025, 10, 16, 8, 0, 33, 583781), run_id='da82fce1-3c6f-4b52-8764-3080872d9337')}

2025-10-16 08:00:34,008 INFO UserConsole [redirect output]: 2025-10-16 08:00:34 | INFO: Finished definition: oracle_edm_sat_customer_sales_team. Result: {'LoadDefinition': 'oracle_edm_sat_customer_sales_team', 'Source': 'staging_oracle_edm.sat_customer_sales_team_oracle_edm', 'SourceQuery': 'SELECT * FROM domain_party.etl_sat_customer_sales_team_oracle_edm', 'Target': 'domain_party.sat_customer_sales_team_oracle_edm', 'SaveMode': 'append', 'is_success': True, 'ErrorMessage': '', 'ErrorFailureType': '', 'refresh_row': Row(source_database_name='staging_oracle_edm', source_table_or_view_name='sat_customer_sales_team_oracle_edm', target_database_name='domain_party', target_table_name='sat_customer_sales_team_oracle_edm', last_refresh_timestamp=datetime.datetime(2025, 10, 16, 8, 0, 33, 997567), run_id='da82fce1-3c6f-4b52-8764-3080872d9337')}

2025-10-16 08:00:34,097 INFO UserConsole [redirect output]: 2025-10-16 08:00:34 | INFO: Finished definition: oracle_edm_hub_sales_team. Result: {'LoadDefinition': 'oracle_edm_hub_sales_team', 'Source': 'staging_oracle_edm.hub_sales_team', 'SourceQuery': 'SELECT * FROM domain_party.etl_hub_sales_team_oracle_edm', 'Target': 'domain_party.hub_sales_team', 'SaveMode': 'append', 'is_success': True, 'ErrorMessage': '', 'ErrorFailureType': '', 'refresh_row': Row(source_database_name='staging_oracle_edm', source_table_or_view_name='hub_sales_team', target_database_name='domain_party', target_table_name='hub_sales_team', last_refresh_timestamp=datetime.datetime(2025, 10, 16, 8, 0, 34, 88051), run_id='da82fce1-3c6f-4b52-8764-3080872d9337')}

2025-10-16 08:00:36,338 INFO UserConsole [redirect output]: 2025-10-16 08:00:36 | INFO: oracle_edm_sat_employee_sales_team_attributes | Save to table: domain_party.sat_employee_sales_team_attributes_oracle_edm, mode=merge. Source query: SELECT * FROM domain_party.etl_sat_employee_sales_team_attributes_oracle_edm

2025-10-16 08:00:37,050 INFO UserConsole [redirect output]: 2025-10-16 08:00:37 | INFO: Finished definition: oracle_edm_hal_customer_site_midparent. Result: {'LoadDefinition': 'oracle_edm_hal_customer_site_midparent', 'Source': 'staging_oracle_edm.hal_customer_site_midparent', 'SourceQuery': 'SELECT * FROM domain_party.etl_hal_customer_site_midparent_oracle_edm', 'Target': 'domain_party.hal_customer_site_midparent', 'SaveMode': 'append', 'is_success': True, 'ErrorMessage': '', 'ErrorFailureType': '', 'refresh_row': Row(source_database_name='staging_oracle_edm', source_table_or_view_name='hal_customer_site_midparent', target_database_name='domain_party', target_table_name='hal_customer_site_midparent', last_refresh_timestamp=datetime.datetime(2025, 10, 16, 8, 0, 36, 775583), run_id='da82fce1-3c6f-4b52-8764-3080872d9337')}

2025-10-16 08:00:37,078 INFO UserConsole [redirect output]: 2025-10-16 08:00:37 | INFO: Finished definition: oracle_edm_hub_customer. Result: {'LoadDefinition': 'oracle_edm_hub_customer', 'Source': 'staging_oracle_edm.hub_customer', 'SourceQuery': 'SELECT * FROM domain_party.etl_hub_customer_oracle_edm', 'Target': 'domain_party.hub_customer', 'SaveMode': 'append', 'is_success': True, 'ErrorMessage': '', 'ErrorFailureType': '', 'refresh_row': Row(source_database_name='staging_oracle_edm', source_table_or_view_name='hub_customer', target_database_name='domain_party', target_table_name='hub_customer', last_refresh_timestamp=datetime.datetime(2025, 10, 16, 8, 0, 36, 819409), run_id='da82fce1-3c6f-4b52-8764-3080872d9337')}

2025-10-16 08:00:37,095 INFO UserConsole [redirect output]: 2025-10-16 08:00:37 | INFO: Finished definition: oracle_edm_lnk_customer_customer_sites. Result: {'LoadDefinition': 'oracle_edm_lnk_customer_customer_sites', 'Source': 'staging_oracle_edm.lnk_customer_customer_sites', 'SourceQuery': 'SELECT * FROM domain_party.etl_lnk_customer_customer_sites_oracle_edm', 'Target': 'domain_party.lnk_customer_customer_sites', 'SaveMode': 'append', 'is_success': True, 'ErrorMessage': '', 'ErrorFailureType': '', 'refresh_row': Row(source_database_name='staging_oracle_edm', source_table_or_view_name='lnk_customer_customer_sites', target_database_name='domain_party', target_table_name='lnk_customer_customer_sites', last_refresh_timestamp=datetime.datetime(2025, 10, 16, 8, 0, 36, 837011), run_id='da82fce1-3c6f-4b52-8764-3080872d9337')}
2025-10-16 08:00:37,096 INFO UserConsole [redirect output]: 

2025-10-16 08:00:37,131 INFO UserConsole [redirect output]: 2025-10-16 08:00:37 | INFO: Finished definition: oracle_edm_hal_customer_top_account_grouping. Result: {'LoadDefinition': 'oracle_edm_hal_customer_top_account_grouping', 'Source': 'staging_oracle_edm.hal_customer_top_account_grouping', 'SourceQuery': 'SELECT * FROM domain_party.etl_hal_customer_top_account_grouping_oracle_edm', 'Target': 'domain_party.hal_customer_top_account_grouping', 'SaveMode': 'append', 'is_success': True, 'ErrorMessage': '', 'ErrorFailureType': '', 'refresh_row': Row(source_database_name='staging_oracle_edm', source_table_or_view_name='hal_customer_top_account_grouping', target_database_name='domain_party', target_table_name='hal_customer_top_account_grouping', last_refresh_timestamp=datetime.datetime(2025, 10, 16, 8, 0, 36, 961272), run_id='da82fce1-3c6f-4b52-8764-3080872d9337')}

2025-10-16 08:00:37,316 INFO UserConsole [redirect output]: 2025-10-16 08:00:37 | INFO: Finished definition: oracle_edm_hub_customer_sites. Result: {'LoadDefinition': 'oracle_edm_hub_customer_sites', 'Source': 'staging_oracle_edm.hub_customer_sites', 'SourceQuery': 'SELECT * FROM domain_party.etl_hub_customer_sites_oracle_edm', 'Target': 'domain_party.hub_customer_sites', 'SaveMode': 'append', 'is_success': True, 'ErrorMessage': '', 'ErrorFailureType': '', 'refresh_row': Row(source_database_name='staging_oracle_edm', source_table_or_view_name='hub_customer_sites', target_database_name='domain_party', target_table_name='hub_customer_sites', last_refresh_timestamp=datetime.datetime(2025, 10, 16, 8, 0, 37, 299976), run_id='da82fce1-3c6f-4b52-8764-3080872d9337')}

2025-10-16 08:00:38,816 INFO UserConsole [redirect output]: 2025-10-16 08:00:38 | INFO: Finished definition: oracle_edm_lnk_customer_sites_sales_team. Result: {'LoadDefinition': 'oracle_edm_lnk_customer_sites_sales_team', 'Source': 'staging_oracle_edm.lnk_customer_sites_sales_team', 'SourceQuery': 'SELECT * FROM domain_party.etl_lnk_customer_sites_sales_team_oracle_edm', 'Target': 'domain_party.lnk_customer_sites_sales_team', 'SaveMode': 'append', 'is_success': True, 'ErrorMessage': '', 'ErrorFailureType': '', 'refresh_row': Row(source_database_name='staging_oracle_edm', source_table_or_view_name='lnk_customer_sites_sales_team', target_database_name='domain_party', target_table_name='lnk_customer_sites_sales_team', last_refresh_timestamp=datetime.datetime(2025, 10, 16, 8, 0, 38, 595871), run_id='da82fce1-3c6f-4b52-8764-3080872d9337')}

2025-10-16 08:00:41,320 INFO UserConsole [redirect output]: 2025-10-16 08:00:41 | INFO: Finished definition: oracle_edm_lnk_employee_sales_team. Result: {'LoadDefinition': 'oracle_edm_lnk_employee_sales_team', 'Source': 'staging_oracle_edm.lnk_employee_sales_team', 'SourceQuery': 'SELECT * FROM domain_party.etl_lnk_employee_sales_team_oracle_edm', 'Target': 'domain_party.lnk_employee_sales_team', 'SaveMode': 'append', 'is_success': True, 'ErrorMessage': '', 'ErrorFailureType': '', 'refresh_row': Row(source_database_name='staging_oracle_edm', source_table_or_view_name='lnk_employee_sales_team', target_database_name='domain_party', target_table_name='lnk_employee_sales_team', last_refresh_timestamp=datetime.datetime(2025, 10, 16, 8, 0, 41, 108758), run_id='da82fce1-3c6f-4b52-8764-3080872d9337')}

2025-10-16 08:00:50,434 INFO UserConsole [redirect output]: 2025-10-16 08:00:50 | INFO: Finished definition: oracle_edm_sat_customer_sites_attributes. Result: {'LoadDefinition': 'oracle_edm_sat_customer_sites_attributes', 'Source': 'staging_oracle_edm.sat_customer_sites_attributes_oracle_edm', 'SourceQuery': 'SELECT * FROM domain_party.etl_sat_customer_sites_attributes_oracle_edm', 'Target': 'domain_party.sat_customer_sites_attributes_oracle_edm', 'SaveMode': 'merge', 'is_success': True, 'ErrorMessage': '', 'ErrorFailureType': '', 'refresh_row': Row(source_database_name='staging_oracle_edm', source_table_or_view_name='sat_customer_sites_attributes_oracle_edm', target_database_name='domain_party', target_table_name='sat_customer_sites_attributes_oracle_edm', last_refresh_timestamp=datetime.datetime(2025, 10, 16, 8, 0, 50, 221040), run_id='da82fce1-3c6f-4b52-8764-3080872d9337')}

2025-10-16 08:00:51,282 INFO UserConsole [redirect output]: 2025-10-16 08:00:51 | INFO: Finished definition: oracle_edm_sat_employee_sales_team_attributes. Result: {'LoadDefinition': 'oracle_edm_sat_employee_sales_team_attributes', 'Source': 'staging_oracle_edm.sat_employee_sales_team_attributes_oracle_edm', 'SourceQuery': 'SELECT * FROM domain_party.etl_sat_employee_sales_team_attributes_oracle_edm', 'Target': 'domain_party.sat_employee_sales_team_attributes_oracle_edm', 'SaveMode': 'merge', 'is_success': True, 'ErrorMessage': '', 'ErrorFailureType': '', 'refresh_row': Row(source_database_name='staging_oracle_edm', source_table_or_view_name='sat_employee_sales_team_attributes_oracle_edm', target_database_name='domain_party', target_table_name='sat_employee_sales_team_attributes_oracle_edm', last_refresh_timestamp=datetime.datetime(2025, 10, 16, 8, 0, 51, 30081), run_id='da82fce1-3c6f-4b52-8764-3080872d9337')}

2025-10-16 08:00:55,850 INFO UserConsole [redirect output]: 2025-10-16 08:00:55 | INFO: Finished definition: oracle_edm_sat_customer_sites_sales_team. Result: {'LoadDefinition': 'oracle_edm_sat_customer_sites_sales_team', 'Source': 'staging_oracle_edm.sat_customer_sites_sales_team_oracle_edm', 'SourceQuery': 'SELECT * FROM domain_party.etl_sat_customer_sites_sales_team_oracle_edm', 'Target': 'domain_party.sat_customer_sites_sales_team_oracle_edm', 'SaveMode': 'merge', 'is_success': True, 'ErrorMessage': '', 'ErrorFailureType': '', 'refresh_row': Row(source_database_name='staging_oracle_edm', source_table_or_view_name='sat_customer_sites_sales_team_oracle_edm', target_database_name='domain_party', target_table_name='sat_customer_sites_sales_team_oracle_edm', last_refresh_timestamp=datetime.datetime(2025, 10, 16, 8, 0, 55, 633028), run_id='da82fce1-3c6f-4b52-8764-3080872d9337')}

2025-10-16 08:00:55,865 INFO UserConsole [redirect output]: 2025-10-16 08:00:55 | INFO: Starting concurrent load definition runs.

2025-10-16 08:00:55,868 INFO UserConsole [redirect output]: 2025-10-16 08:00:55 | INFO: oracle_erp_hub_customer | Get Source | staging_oracle_fusion_erp.hub_customer | SELECT * FROM domain_party.etl_hub_customer_oracle_erp

2025-10-16 08:00:55,870 INFO UserConsole [redirect output]: 2025-10-16 08:00:55 | INFO: oracle_erp_hub_dg5_customer | Get Source | staging_oracle_fusion_erp.hub_dg5_customer | SELECT * FROM domain_party.etl_hub_dg5_customer_oracle_erp
2025-10-16 08:00:55 | INFO: oracle_erp_hub_customer_sites | Get Source | staging_oracle_fusion_erp.hub_customer_sites | SELECT * FROM domain_party.etl_hub_customer_sites_oracle_erp

2025-10-16 08:00:55,871 INFO UserConsole [redirect output]: 2025-10-16 08:00:55 | INFO: oracle_erp_lnk_customer_customer_sites | Get Source | staging_oracle_fusion_erp.lnk_customer_customer_sites | SELECT * FROM domain_party.etl_lnk_customer_customer_sites_oracle_erp

2025-10-16 08:00:55,873 INFO UserConsole [redirect output]: 2025-10-16 08:00:55 | INFO: oracle_erp_sal_dg5_customer | Get Source | staging_oracle_fusion_erp.sal_dg5_customer | select * from domain_party.etl_sal_dg5_customer_oracle_erp

2025-10-16 08:00:55,877 INFO UserConsole [redirect output]: 2025-10-16 08:00:55 | INFO: oracle_erp_sat_customer_attributes | Get Source | staging_oracle_fusion_erp.sat_customer_attributes_oracle_erp | SELECT * FROM domain_party.etl_sat_customer_attributes_oracle_erp
2025-10-16 08:00:55 | INFO: oracle_erp_sat_customer_sites_attributes | Get Source | staging_oracle_fusion_erp.sat_customer_sites_attributes_oracle_erp | SELECT * FROM domain_party.etl_sat_customer_sites_attributes_oracle_erp
2025-10-16 08:00:55 | INFO: oracle_erp_sat_dg5_customer_attributes | Get Source | staging_oracle_fusion_erp.sat_dg5_customer_attributes_oracle_erp | SELECT * FROM domain_party.etl_sat_dg5_customer_attributes_oracle_erp

2025-10-16 08:01:00,534 INFO UserConsole [redirect output]: 2025-10-16 08:01:00 | INFO: oracle_erp_sat_dg5_customer_attributes | Save to table: domain_party.sat_dg5_customer_attributes_oracle_erp, mode=merge. Source query: SELECT * FROM domain_party.etl_sat_dg5_customer_attributes_oracle_erp

2025-10-16 08:01:00,908 INFO UserConsole [redirect output]: 2025-10-16 08:01:00 | INFO: oracle_erp_hub_customer | Save to table: domain_party.hub_customer, mode=append. Source query: SELECT * FROM domain_party.etl_hub_customer_oracle_erp

2025-10-16 08:01:02,237 INFO UserConsole [redirect output]: 2025-10-16 08:01:02 | INFO: oracle_erp_hub_customer_sites | Save to table: domain_party.hub_customer_sites, mode=append. Source query: SELECT * FROM domain_party.etl_hub_customer_sites_oracle_erp

2025-10-16 08:01:04,000 INFO UserConsole [redirect output]: 2025-10-16 08:01:04 | INFO: oracle_erp_hub_dg5_customer | Save to table: domain_party.hub_dg5_customer, mode=append. Source query: SELECT * FROM domain_party.etl_hub_dg5_customer_oracle_erp

2025-10-16 08:01:04,505 INFO UserConsole [redirect output]: 2025-10-16 08:01:04 | INFO: oracle_erp_sal_dg5_customer | Save to table: domain_party.sal_dg5_customer, mode=append. Source query: select * from domain_party.etl_sal_dg5_customer_oracle_erp

2025-10-16 08:01:04,602 INFO UserConsole [redirect output]: 2025-10-16 08:01:04 | INFO: oracle_erp_lnk_customer_customer_sites | Save to table: domain_party.lnk_customer_customer_sites, mode=append. Source query: SELECT * FROM domain_party.etl_lnk_customer_customer_sites_oracle_erp

2025-10-16 08:01:08,779 INFO UserConsole [redirect output]: 2025-10-16 08:01:08 | INFO: Finished definition: oracle_erp_hub_customer. Result: {'LoadDefinition': 'oracle_erp_hub_customer', 'Source': 'staging_oracle_fusion_erp.hub_customer', 'SourceQuery': 'SELECT * FROM domain_party.etl_hub_customer_oracle_erp', 'Target': 'domain_party.hub_customer', 'SaveMode': 'append', 'is_success': True, 'ErrorMessage': '', 'ErrorFailureType': '', 'refresh_row': Row(source_database_name='staging_oracle_fusion_erp', source_table_or_view_name='hub_customer', target_database_name='domain_party', target_table_name='hub_customer', last_refresh_timestamp=datetime.datetime(2025, 10, 16, 8, 1, 8, 462406), run_id='da82fce1-3c6f-4b52-8764-3080872d9337')}

2025-10-16 08:01:09,042 INFO UserConsole [redirect output]: 2025-10-16 08:01:09 | INFO: oracle_erp_sat_customer_attributes | Save to table: domain_party.sat_customer_attributes_oracle_erp, mode=merge. Source query: SELECT * FROM domain_party.etl_sat_customer_attributes_oracle_erp

2025-10-16 08:01:11,436 INFO UserConsole [redirect output]: 2025-10-16 08:01:11 | INFO: Finished definition: oracle_erp_hub_dg5_customer. Result: {'LoadDefinition': 'oracle_erp_hub_dg5_customer', 'Source': 'staging_oracle_fusion_erp.hub_dg5_customer', 'SourceQuery': 'SELECT * FROM domain_party.etl_hub_dg5_customer_oracle_erp', 'Target': 'domain_party.hub_dg5_customer', 'SaveMode': 'append', 'is_success': True, 'ErrorMessage': '', 'ErrorFailureType': '', 'refresh_row': Row(source_database_name='staging_oracle_fusion_erp', source_table_or_view_name='hub_dg5_customer', target_database_name='domain_party', target_table_name='hub_dg5_customer', last_refresh_timestamp=datetime.datetime(2025, 10, 16, 8, 1, 11, 184948), run_id='da82fce1-3c6f-4b52-8764-3080872d9337')}

2025-10-16 08:01:12,005 INFO UserConsole [redirect output]: 2025-10-16 08:01:12 | INFO: Finished definition: oracle_erp_sal_dg5_customer. Result: {'LoadDefinition': 'oracle_erp_sal_dg5_customer', 'Source': 'staging_oracle_fusion_erp.sal_dg5_customer', 'SourceQuery': 'select * from domain_party.etl_sal_dg5_customer_oracle_erp', 'Target': 'domain_party.sal_dg5_customer', 'SaveMode': 'append', 'is_success': True, 'ErrorMessage': '', 'ErrorFailureType': '', 'refresh_row': Row(source_database_name='staging_oracle_fusion_erp', source_table_or_view_name='sal_dg5_customer', target_database_name='domain_party', target_table_name='sal_dg5_customer', last_refresh_timestamp=datetime.datetime(2025, 10, 16, 8, 1, 11, 992067), run_id='da82fce1-3c6f-4b52-8764-3080872d9337')}

2025-10-16 08:01:13,304 INFO UserConsole [redirect output]: 2025-10-16 08:01:13 | INFO: oracle_erp_sat_customer_sites_attributes | Save to table: domain_party.sat_customer_sites_attributes_oracle_erp, mode=merge. Source query: SELECT * FROM domain_party.etl_sat_customer_sites_attributes_oracle_erp

2025-10-16 08:01:15,171 INFO UserConsole [redirect output]: 2025-10-16 08:01:15 | INFO: Finished definition: oracle_erp_hub_customer_sites. Result: {'LoadDefinition': 'oracle_erp_hub_customer_sites', 'Source': 'staging_oracle_fusion_erp.hub_customer_sites', 'SourceQuery': 'SELECT * FROM domain_party.etl_hub_customer_sites_oracle_erp', 'Target': 'domain_party.hub_customer_sites', 'SaveMode': 'append', 'is_success': True, 'ErrorMessage': '', 'ErrorFailureType': '', 'refresh_row': Row(source_database_name='staging_oracle_fusion_erp', source_table_or_view_name='hub_customer_sites', target_database_name='domain_party', target_table_name='hub_customer_sites', last_refresh_timestamp=datetime.datetime(2025, 10, 16, 8, 1, 14, 933685), run_id='da82fce1-3c6f-4b52-8764-3080872d9337')}

2025-10-16 08:01:19,755 INFO UserConsole [redirect output]: 2025-10-16 08:01:19 | INFO: Finished definition: oracle_erp_sat_dg5_customer_attributes. Result: {'LoadDefinition': 'oracle_erp_sat_dg5_customer_attributes', 'Source': 'staging_oracle_fusion_erp.sat_dg5_customer_attributes_oracle_erp', 'SourceQuery': 'SELECT * FROM domain_party.etl_sat_dg5_customer_attributes_oracle_erp', 'Target': 'domain_party.sat_dg5_customer_attributes_oracle_erp', 'SaveMode': 'merge', 'is_success': True, 'ErrorMessage': '', 'ErrorFailureType': '', 'refresh_row': Row(source_database_name='staging_oracle_fusion_erp', source_table_or_view_name='sat_dg5_customer_attributes_oracle_erp', target_database_name='domain_party', target_table_name='sat_dg5_customer_attributes_oracle_erp', last_refresh_timestamp=datetime.datetime(2025, 10, 16, 8, 1, 19, 472880), run_id='da82fce1-3c6f-4b52-8764-3080872d9337')}
2025-10-16 08:01:19,756 INFO UserConsole [redirect output]: 

2025-10-16 08:01:23,119 INFO UserConsole [redirect output]: 2025-10-16 08:01:23 | INFO: Finished definition: oracle_erp_lnk_customer_customer_sites. Result: {'LoadDefinition': 'oracle_erp_lnk_customer_customer_sites', 'Source': 'staging_oracle_fusion_erp.lnk_customer_customer_sites', 'SourceQuery': 'SELECT * FROM domain_party.etl_lnk_customer_customer_sites_oracle_erp', 'Target': 'domain_party.lnk_customer_customer_sites', 'SaveMode': 'append', 'is_success': True, 'ErrorMessage': '', 'ErrorFailureType': '', 'refresh_row': Row(source_database_name='staging_oracle_fusion_erp', source_table_or_view_name='lnk_customer_customer_sites', target_database_name='domain_party', target_table_name='lnk_customer_customer_sites', last_refresh_timestamp=datetime.datetime(2025, 10, 16, 8, 1, 22, 909136), run_id='da82fce1-3c6f-4b52-8764-3080872d9337')}

2025-10-16 08:02:07,601 INFO UserConsole [redirect output]: 2025-10-16 08:02:07 | INFO: Finished definition: oracle_erp_sat_customer_sites_attributes. Result: {'LoadDefinition': 'oracle_erp_sat_customer_sites_attributes', 'Source': 'staging_oracle_fusion_erp.sat_customer_sites_attributes_oracle_erp', 'SourceQuery': 'SELECT * FROM domain_party.etl_sat_customer_sites_attributes_oracle_erp', 'Target': 'domain_party.sat_customer_sites_attributes_oracle_erp', 'SaveMode': 'merge', 'is_success': True, 'ErrorMessage': '', 'ErrorFailureType': '', 'refresh_row': Row(source_database_name='staging_oracle_fusion_erp', source_table_or_view_name='sat_customer_sites_attributes_oracle_erp', target_database_name='domain_party', target_table_name='sat_customer_sites_attributes_oracle_erp', last_refresh_timestamp=datetime.datetime(2025, 10, 16, 8, 2, 7, 390563), run_id='da82fce1-3c6f-4b52-8764-3080872d9337')}

2025-10-16 08:02:15,145 INFO UserConsole [redirect output]: 2025-10-16 08:02:15 | EXCEPTION: oracle_erp_sat_customer_attributes generated an exception: Traceback (most recent call last):
  File "/mnt/var/hadoop/tmp/nm-local-dir/usercache/trusted-service-user/appcache/application_1760588195168_0069/container_1760588195168_0069_01_000001/main.py", line 60, in execute_merge
    ).execute()
  File "/usr/hdp/current/spark3-client/jars/delta-core_2.12-2.4.0.24.jar/delta/tables.py", line 1051, in execute
    self._jbuilder.execute()
  File "/home/trusted-service-user/cluster-env/env/lib/python3.10/site-packages/py4j/java_gateway.py", line 1322, in __call__
    return_value = get_return_value(
  File "/opt/spark/python/lib/pyspark.zip/pyspark/errors/exceptions/captured.py", line 169, in deco
    return f(*a, **kw)
  File "/home/trusted-service-user/cluster-env/env/lib/python3.10/site-packages/py4j/protocol.py", line 326, in get_return_value
    raise Py4JJavaError(
py4j.protocol.Py4JJavaError: An error occurred while calling o1421.execute.
: org.apache.spark.sql.delta.DeltaUn
2025-10-16 08:02:15,146 INFO UserConsole [redirect output]: supportedOperationException: Cannot perform Merge as multiple source rows matched and attempted to modify the same
target row in the Delta table in possibly conflicting ways. By SQL semantics of Merge,
when multiple source rows match on the same target row, the result may be ambiguous
as it is unclear which source row should be used to update or delete the matching
target row. You can preprocess the source table to eliminate the possibility of
multiple matches. Please refer to
https://docs.delta.io/latest/delta-update.html#upsert-into-a-table-using-merge
	at org.apache.spark.sql.delta.DeltaErrorsBase.multipleSourceRowMatchingTargetRowInMergeException(DeltaErrors.scala:1102)
	at org.apache.spark.sql.delta.DeltaErrorsBase.multipleSourceRowMatchingTargetRowInMergeException$(DeltaErrors.scala:1099)
	at org.apache.spark.sql.delta.DeltaErrors$.multipleSourceRowMatchingTargetRowInMergeException(DeltaErrors.scala:2808)
	at org.apache.spark.sql.delta.commands.MergeIntoCommand.$anonfun$findTouchedFiles$1(MergeIntoComma
2025-10-16 08:02:15,147 INFO UserConsole [redirect output]: nd.scala:529)
	at org.apache.spark.sql.delta.commands.MergeIntoCommand.recordMergeOperation(MergeIntoCommand.scala:1256)
	at org.apache.spark.sql.delta.commands.MergeIntoCommand.findTouchedFiles(MergeIntoCommand.scala:429)
	at org.apache.spark.sql.delta.commands.MergeIntoCommand.$anonfun$runMerge$2(MergeIntoCommand.scala:351)
	at org.apache.spark.sql.delta.commands.MergeIntoCommand.$anonfun$runMerge$2$adapted(MergeIntoCommand.scala:232)
	at org.apache.spark.sql.delta.DeltaLog.withNewTransaction(DeltaLog.scala:237)
	at org.apache.spark.sql.delta.commands.MergeIntoCommand.$anonfun$runMerge$1(MergeIntoCommand.scala:232)
	at scala.runtime.java8.JFunction0$mcV$sp.apply(JFunction0$mcV$sp.java:23)
	at org.apache.spark.sql.delta.metering.DeltaLogging.recordFrameProfile(DeltaLogging.scala:141)
	at org.apache.spark.sql.delta.metering.DeltaLogging.recordFrameProfile$(DeltaLogging.scala:139)
	at org.apache.spark.sql.delta.commands.MergeIntoCommand.recordFrameProfile(MergeIntoCommand.scala:83)
	at org.apache.spark.sql.del
2025-10-16 08:02:15,147 INFO UserConsole [redirect output]: ta.metering.DeltaLogging.$anonfun$recordDeltaOperationInternal$1(DeltaLogging.scala:134)
	at com.microsoft.spark.telemetry.delta.SynapseLoggingShim.recordOperation(SynapseLoggingShim.scala:111)
	at com.microsoft.spark.telemetry.delta.SynapseLoggingShim.recordOperation$(SynapseLoggingShim.scala:93)
	at org.apache.spark.sql.delta.commands.MergeIntoCommand.recordOperation(MergeIntoCommand.scala:83)
	at org.apache.spark.sql.delta.metering.DeltaLogging.recordDeltaOperationInternal(DeltaLogging.scala:133)
	at org.apache.spark.sql.delta.metering.DeltaLogging.recordDeltaOperation(DeltaLogging.scala:123)
	at org.apache.spark.sql.delta.metering.DeltaLogging.recordDeltaOperation$(DeltaLogging.scala:113)
	at org.apache.spark.sql.delta.commands.MergeIntoCommand.recordDeltaOperation(MergeIntoCommand.scala:83)
	at org.apache.spark.sql.delta.commands.MergeIntoCommand.runMerge(MergeIntoCommand.scala:230)
	at org.apache.spark.sql.delta.commands.MergeIntoCommand.$anonfun$run$1(MergeIntoCommand.scala:223)
	at org.apache.spark.sq
2025-10-16 08:02:15,147 INFO UserConsole [redirect output]: l.delta.commands.merge.MergeIntoMaterializeSource.runWithMaterializedSourceLostRetries(MergeIntoMaterializeSource.scala:103)
	at org.apache.spark.sql.delta.commands.merge.MergeIntoMaterializeSource.runWithMaterializedSourceLostRetries$(MergeIntoMaterializeSource.scala:91)
	at org.apache.spark.sql.delta.commands.MergeIntoCommand.runWithMaterializedSourceLostRetries(MergeIntoCommand.scala:83)
	at org.apache.spark.sql.delta.commands.MergeIntoCommand.run(MergeIntoCommand.scala:223)
	at io.delta.tables.DeltaMergeBuilder.executeImpl(DeltaMergeBuilder.scala:307)
	at io.delta.tables.DeltaMergeBuilder.$anonfun$execute$2(DeltaMergeBuilder.scala:269)
	at scala.runtime.java8.JFunction0$mcV$sp.apply(JFunction0$mcV$sp.java:23)
	at io.delta.tables.DeltaMergeBuilder.withActiveSession(DeltaMergeBuilder.scala:277)
	at io.delta.tables.DeltaMergeBuilder.$anonfun$execute$1(DeltaMergeBuilder.scala:269)
	at org.apache.spark.sql.delta.util.AnalysisHelper.improveUnsupportedOpError(AnalysisHelper.scala:106)
	at org.apache.spark.sql.de
2025-10-16 08:02:15,148 INFO UserConsole [redirect output]: lta.util.AnalysisHelper.improveUnsupportedOpError$(AnalysisHelper.scala:92)
	at io.delta.tables.DeltaMergeBuilder.improveUnsupportedOpError(DeltaMergeBuilder.scala:148)
	at io.delta.tables.DeltaMergeBuilder.execute(DeltaMergeBuilder.scala:266)
	at java.base/jdk.internal.reflect.NativeMethodAccessorImpl.invoke0(Native Method)
	at java.base/jdk.internal.reflect.NativeMethodAccessorImpl.invoke(NativeMethodAccessorImpl.java:62)
	at java.base/jdk.internal.reflect.DelegatingMethodAccessorImpl.invoke(DelegatingMethodAccessorImpl.java:43)
	at java.base/java.lang.reflect.Method.invoke(Method.java:566)
	at py4j.reflection.MethodInvoker.invoke(MethodInvoker.java:244)
	at py4j.reflection.ReflectionEngine.invoke(ReflectionEngine.java:374)
	at py4j.Gateway.invoke(Gateway.java:282)
	at py4j.commands.AbstractCommand.invokeMethod(AbstractCommand.java:132)
	at py4j.commands.CallCommand.execute(CallCommand.java:79)
	at py4j.ClientServerConnection.waitForCommands(ClientServerConnection.java:182)
	at py4j.ClientServerConnection.r
2025-10-16 08:02:15,149 INFO UserConsole [redirect output]: un(ClientServerConnection.java:106)
	at java.base/java.lang.Thread.run(Thread.java:829)



2025-10-16 08:02:15,346 INFO UserConsole [redirect output]: 2025-10-16 08:02:15 | INFO: Finished definition: oracle_erp_sat_customer_attributes. Result: {'LoadDefinition': 'oracle_erp_sat_customer_attributes', 'Source': 'staging_oracle_fusion_erp.sat_customer_attributes_oracle_erp', 'SourceQuery': 'SELECT * FROM domain_party.etl_sat_customer_attributes_oracle_erp', 'Target': 'domain_party.sat_customer_attributes_oracle_erp', 'SaveMode': 'merge', 'is_success': False, 'ErrorMessage': '', 'ErrorFailureType': '', 'refresh_row': Row(source_database_name='staging_oracle_fusion_erp', source_table_or_view_name='sat_customer_attributes_oracle_erp', target_database_name='domain_party', target_table_name='sat_customer_attributes_oracle_erp', last_refresh_timestamp=datetime.datetime(2025, 10, 16, 8, 2, 15, 145355), run_id='da82fce1-3c6f-4b52-8764-3080872d9337')}

2025-10-16 08:02:15,464 INFO UserConsole [redirect output]: 2025-10-16 08:02:15 | INFO: Updating last refresh timestamp

2025-10-16 08:02:29,134 INFO UserConsole [redirect output]: 2025-10-16 08:02:29 | INFO: Definitions finished. Here are the log details:
2025-10-16 08:02:29 | DEBUG: {'LoadDefinition': 'ax_lnk_customer_sites_sales_team', 'Source': 'staging_ax.lnk_customer_sites_sales_team', 'SourceQuery': 'SELECT * FROM domain_party.etl_lnk_customer_sites_sales_team_ax', 'Target': 'domain_party.lnk_customer_sites_sales_team', 'SaveMode': 'append', 'is_success': True, 'ErrorMessage': '', 'ErrorFailureType': '', 'refresh_row': Row(source_database_name='staging_ax', source_table_or_view_name='lnk_customer_sites_sales_team', target_database_name='domain_party', target_table_name='lnk_customer_sites_sales_team', last_refresh_timestamp=datetime.datetime(2025, 10, 16, 7, 58, 36, 950128), run_id='da82fce1-3c6f-4b52-8764-3080872d9337')}
2025-10-16 08:02:29 | DEBUG: {'LoadDefinition': 'ax_ref_customer_account_site_mapping', 'Source': 'staging_ax.ref_customer_account_site_mapping', 'SourceQuery': 'SELECT * FROM domain_party.etl_ref_customer_account_site_mapping', 'Target': 'domain_party.ref_custo
2025-10-16 08:02:29,135 INFO UserConsole [redirect output]: mer_account_site_mapping', 'SaveMode': 'append', 'is_success': True, 'ErrorMessage': '', 'ErrorFailureType': '', 'refresh_row': Row(source_database_name='staging_ax', source_table_or_view_name='ref_customer_account_site_mapping', target_database_name='domain_party', target_table_name='ref_customer_account_site_mapping', last_refresh_timestamp=datetime.datetime(2025, 10, 16, 7, 58, 39, 757174), run_id='da82fce1-3c6f-4b52-8764-3080872d9337')}
2025-10-16 08:02:29 | DEBUG: {'LoadDefinition': 'ax_hub_sales_team', 'Source': 'staging_ax.hub_sales_team', 'SourceQuery': 'SELECT * FROM domain_party.etl_hub_sales_team_ax', 'Target': 'domain_party.hub_sales_team', 'SaveMode': 'append', 'is_success': True, 'ErrorMessage': '', 'ErrorFailureType': '', 'refresh_row': Row(source_database_name='staging_ax', source_table_or_view_name='hub_sales_team', target_database_name='domain_party', target_table_name='hub_sales_team', last_refresh_timestamp=datetime.datetime(2025, 10, 16, 7, 58, 40, 213869), run_id='da82fce1-3c6f-4b52-8764
2025-10-16 08:02:29,136 INFO UserConsole [redirect output]: -3080872d9337')}
2025-10-16 08:02:29 | DEBUG: {'LoadDefinition': 'ax_hub_dg5_customer', 'Source': 'staging_ax.hub_dg5_customer', 'SourceQuery': 'SELECT * FROM domain_party.etl_hub_dg5_customer_ax', 'Target': 'domain_party.hub_dg5_customer', 'SaveMode': 'append', 'is_success': True, 'ErrorMessage': '', 'ErrorFailureType': '', 'refresh_row': Row(source_database_name='staging_ax', source_table_or_view_name='hub_dg5_customer', target_database_name='domain_party', target_table_name='hub_dg5_customer', last_refresh_timestamp=datetime.datetime(2025, 10, 16, 7, 58, 40, 512883), run_id='da82fce1-3c6f-4b52-8764-3080872d9337')}
2025-10-16 08:02:29 | DEBUG: {'LoadDefinition': 'ax_hal_customer_site_midparent', 'Source': 'staging_ax.hal_customer_site_midparent', 'SourceQuery': 'SELECT * FROM domain_party.etl_hal_customer_site_midparent_ax', 'Target': 'domain_party.hal_customer_site_midparent', 'SaveMode': 'append', 'is_success': True, 'ErrorMessage': '', 'ErrorFailureType': '', 'refresh_row': Row(source_database_name='stag
2025-10-16 08:02:29,137 INFO UserConsole [redirect output]: ing_ax', source_table_or_view_name='hal_customer_site_midparent', target_database_name='domain_party', target_table_name='hal_customer_site_midparent', last_refresh_timestamp=datetime.datetime(2025, 10, 16, 7, 58, 40, 943909), run_id='da82fce1-3c6f-4b52-8764-3080872d9337')}
2025-10-16 08:02:29 | DEBUG: {'LoadDefinition': 'ax_hub_customer', 'Source': 'staging_ax.hub_customer', 'SourceQuery': 'SELECT * FROM domain_party.etl_hub_customer_ax', 'Target': 'domain_party.hub_customer', 'SaveMode': 'append', 'is_success': True, 'ErrorMessage': '', 'ErrorFailureType': '', 'refresh_row': Row(source_database_name='staging_ax', source_table_or_view_name='hub_customer', target_database_name='domain_party', target_table_name='hub_customer', last_refresh_timestamp=datetime.datetime(2025, 10, 16, 7, 58, 41, 51639), run_id='da82fce1-3c6f-4b52-8764-3080872d9337')}
2025-10-16 08:02:29 | DEBUG: {'LoadDefinition': 'ax_hub_customer_sites', 'Source': 'staging_ax.hub_customer_sites', 'SourceQuery': 'SELECT * FROM domain_party.etl_hub
2025-10-16 08:02:29,137 INFO UserConsole [redirect output]: _customer_sites_ax', 'Target': 'domain_party.hub_customer_sites', 'SaveMode': 'append', 'is_success': True, 'ErrorMessage': '', 'ErrorFailureType': '', 'refresh_row': Row(source_database_name='staging_ax', source_table_or_view_name='hub_customer_sites', target_database_name='domain_party', target_table_name='hub_customer_sites', last_refresh_timestamp=datetime.datetime(2025, 10, 16, 7, 58, 41, 576515), run_id='da82fce1-3c6f-4b52-8764-3080872d9337')}
2025-10-16 08:02:29 | DEBUG: {'LoadDefinition': 'ax_lnk_customer_customer_sites', 'Source': 'staging_ax.lnk_customer_customer_sites', 'SourceQuery': 'SELECT * FROM domain_party.etl_lnk_customer_customer_sites_ax', 'Target': 'domain_party.lnk_customer_customer_sites', 'SaveMode': 'append', 'is_success': True, 'ErrorMessage': '', 'ErrorFailureType': '', 'refresh_row': Row(source_database_name='staging_ax', source_table_or_view_name='lnk_customer_customer_sites', target_database_name='domain_party', target_table_name='lnk_customer_customer_sites', last_refresh_timest
2025-10-16 08:02:29,138 INFO UserConsole [redirect output]: amp=datetime.datetime(2025, 10, 16, 7, 58, 42, 139853), run_id='da82fce1-3c6f-4b52-8764-3080872d9337')}
2025-10-16 08:02:29 | DEBUG: {'LoadDefinition': 'ax_lnk_employee_sales_team', 'Source': 'staging_ax.lnk_employee_sales_team', 'SourceQuery': 'SELECT * FROM domain_party.etl_lnk_employee_sales_team_ax', 'Target': 'domain_party.lnk_employee_sales_team', 'SaveMode': 'append', 'is_success': True, 'ErrorMessage': '', 'ErrorFailureType': '', 'refresh_row': Row(source_database_name='staging_ax', source_table_or_view_name='lnk_employee_sales_team', target_database_name='domain_party', target_table_name='lnk_employee_sales_team', last_refresh_timestamp=datetime.datetime(2025, 10, 16, 7, 58, 54, 335957), run_id='da82fce1-3c6f-4b52-8764-3080872d9337')}
2025-10-16 08:02:29 | DEBUG: {'LoadDefinition': 'ax_sat_customer_sites_sales_team', 'Source': 'staging_ax.sat_customer_sites_sales_team_ax', 'SourceQuery': 'SELECT * FROM domain_party.etl_sat_customer_sites_sales_team_ax', 'Target': 'domain_party.sat_customer_sites_sale
2025-10-16 08:02:29,138 INFO UserConsole [redirect output]: s_team_ax', 'SaveMode': 'merge', 'is_success': True, 'ErrorMessage': '', 'ErrorFailureType': '', 'refresh_row': Row(source_database_name='staging_ax', source_table_or_view_name='sat_customer_sites_sales_team_ax', target_database_name='domain_party', target_table_name='sat_customer_sites_sales_team_ax', last_refresh_timestamp=datetime.datetime(2025, 10, 16, 7, 59, 44, 217910), run_id='da82fce1-3c6f-4b52-8764-3080872d9337')}
2025-10-16 08:02:29 | DEBUG: {'LoadDefinition': 'ax_sat_customer_attributes', 'Source': 'staging_ax.sat_customer_attributes_ax', 'SourceQuery': 'SELECT * FROM domain_party.etl_sat_customer_attributes_ax', 'Target': 'domain_party.sat_customer_attributes_ax', 'SaveMode': 'merge', 'is_success': True, 'ErrorMessage': '', 'ErrorFailureType': '', 'refresh_row': Row(source_database_name='staging_ax', source_table_or_view_name='sat_customer_attributes_ax', target_database_name='domain_party', target_table_name='sat_customer_attributes_ax', last_refresh_timestamp=datetime.datetime(2025, 10, 16, 7, 5
2025-10-16 08:02:29,139 INFO UserConsole [redirect output]: 9, 45, 640852), run_id='da82fce1-3c6f-4b52-8764-3080872d9337')}
2025-10-16 08:02:29 | DEBUG: {'LoadDefinition': 'ax_sat_employee_sales_team_attributes', 'Source': 'staging_ax.sat_employee_sales_team_attributes_ax', 'SourceQuery': 'SELECT * FROM domain_party.etl_sat_employee_sales_team_attributes_ax', 'Target': 'domain_party.sat_employee_sales_team_attributes_ax', 'SaveMode': 'merge', 'is_success': True, 'ErrorMessage': '', 'ErrorFailureType': '', 'refresh_row': Row(source_database_name='staging_ax', source_table_or_view_name='sat_employee_sales_team_attributes_ax', target_database_name='domain_party', target_table_name='sat_employee_sales_team_attributes_ax', last_refresh_timestamp=datetime.datetime(2025, 10, 16, 7, 59, 48, 369849), run_id='da82fce1-3c6f-4b52-8764-3080872d9337')}
2025-10-16 08:02:29 | DEBUG: {'LoadDefinition': 'ax_sat_sales_team_attributes', 'Source': 'staging_ax.sat_sales_team_attributes_ax', 'SourceQuery': 'SELECT * FROM domain_party.etl_sat_sales_team_attributes_ax', 'Target': 'domain_part
2025-10-16 08:02:29,140 INFO UserConsole [redirect output]: y.sat_sales_team_attributes_ax', 'SaveMode': 'merge', 'is_success': True, 'ErrorMessage': '', 'ErrorFailureType': '', 'refresh_row': Row(source_database_name='staging_ax', source_table_or_view_name='sat_sales_team_attributes_ax', target_database_name='domain_party', target_table_name='sat_sales_team_attributes_ax', last_refresh_timestamp=datetime.datetime(2025, 10, 16, 7, 59, 48, 416389), run_id='da82fce1-3c6f-4b52-8764-3080872d9337')}
2025-10-16 08:02:29 | DEBUG: {'LoadDefinition': 'ax_sat_dg5_customer_attributes', 'Source': 'staging_ax.sat_dg5_customer_attributes_ax', 'SourceQuery': 'SELECT * FROM domain_party.etl_sat_dg5_customer_attributes_ax', 'Target': 'domain_party.sat_dg5_customer_attributes_ax', 'SaveMode': 'merge', 'is_success': True, 'ErrorMessage': '', 'ErrorFailureType': '', 'refresh_row': Row(source_database_name='staging_ax', source_table_or_view_name='sat_dg5_customer_attributes_ax', target_database_name='domain_party', target_table_name='sat_dg5_customer_attributes_ax', last_refresh_timestamp
2025-10-16 08:02:29,140 INFO UserConsole [redirect output]: =datetime.datetime(2025, 10, 16, 7, 59, 59, 661928), run_id='da82fce1-3c6f-4b52-8764-3080872d9337')}
2025-10-16 08:02:29 | DEBUG: {'LoadDefinition': 'ax_sat_customer_sites_attributes', 'Source': 'staging_ax.sat_customer_sites_attributes_ax', 'SourceQuery': 'SELECT * FROM domain_party.etl_sat_customer_sites_attributes_ax', 'Target': 'domain_party.sat_customer_sites_attributes_ax', 'SaveMode': 'merge', 'is_success': True, 'ErrorMessage': '', 'ErrorFailureType': '', 'refresh_row': Row(source_database_name='staging_ax', source_table_or_view_name='sat_customer_sites_attributes_ax', target_database_name='domain_party', target_table_name='sat_customer_sites_attributes_ax', last_refresh_timestamp=datetime.datetime(2025, 10, 16, 8, 0, 16, 51013), run_id='da82fce1-3c6f-4b52-8764-3080872d9337')}
2025-10-16 08:02:29 | DEBUG: {'LoadDefinition': 'oracle_edm_lnk_customer_sales_team', 'Source': 'staging_oracle_edm.lnk_customer_sales_team', 'SourceQuery': 'SELECT * FROM domain_party.etl_lnk_customer_sales_team_oracle_edm', 'T
2025-10-16 08:02:29,141 INFO UserConsole [redirect output]: arget': 'domain_party.lnk_customer_sales_team', 'SaveMode': 'append', 'is_success': True, 'ErrorMessage': '', 'ErrorFailureType': '', 'refresh_row': Row(source_database_name='staging_oracle_edm', source_table_or_view_name='lnk_customer_sales_team', target_database_name='domain_party', target_table_name='lnk_customer_sales_team', last_refresh_timestamp=datetime.datetime(2025, 10, 16, 8, 0, 33, 583781), run_id='da82fce1-3c6f-4b52-8764-3080872d9337')}
2025-10-16 08:02:29 | DEBUG: {'LoadDefinition': 'oracle_edm_sat_customer_sales_team', 'Source': 'staging_oracle_edm.sat_customer_sales_team_oracle_edm', 'SourceQuery': 'SELECT * FROM domain_party.etl_sat_customer_sales_team_oracle_edm', 'Target': 'domain_party.sat_customer_sales_team_oracle_edm', 'SaveMode': 'append', 'is_success': True, 'ErrorMessage': '', 'ErrorFailureType': '', 'refresh_row': Row(source_database_name='staging_oracle_edm', source_table_or_view_name='sat_customer_sales_team_oracle_edm', target_database_name='domain_party', target_table_name='sat_c
2025-10-16 08:02:29,142 INFO UserConsole [redirect output]: ustomer_sales_team_oracle_edm', last_refresh_timestamp=datetime.datetime(2025, 10, 16, 8, 0, 33, 997567), run_id='da82fce1-3c6f-4b52-8764-3080872d9337')}
2025-10-16 08:02:29 | DEBUG: {'LoadDefinition': 'oracle_edm_hub_sales_team', 'Source': 'staging_oracle_edm.hub_sales_team', 'SourceQuery': 'SELECT * FROM domain_party.etl_hub_sales_team_oracle_edm', 'Target': 'domain_party.hub_sales_team', 'SaveMode': 'append', 'is_success': True, 'ErrorMessage': '', 'ErrorFailureType': '', 'refresh_row': Row(source_database_name='staging_oracle_edm', source_table_or_view_name='hub_sales_team', target_database_name='domain_party', target_table_name='hub_sales_team', last_refresh_timestamp=datetime.datetime(2025, 10, 16, 8, 0, 34, 88051), run_id='da82fce1-3c6f-4b52-8764-3080872d9337')}
2025-10-16 08:02:29 | DEBUG: {'LoadDefinition': 'oracle_edm_hal_customer_site_midparent', 'Source': 'staging_oracle_edm.hal_customer_site_midparent', 'SourceQuery': 'SELECT * FROM domain_party.etl_hal_customer_site_midparent_oracle_edm', 'Targe
2025-10-16 08:02:29,142 INFO UserConsole [redirect output]: t': 'domain_party.hal_customer_site_midparent', 'SaveMode': 'append', 'is_success': True, 'ErrorMessage': '', 'ErrorFailureType': '', 'refresh_row': Row(source_database_name='staging_oracle_edm', source_table_or_view_name='hal_customer_site_midparent', target_database_name='domain_party', target_table_name='hal_customer_site_midparent', last_refresh_timestamp=datetime.datetime(2025, 10, 16, 8, 0, 36, 775583), run_id='da82fce1-3c6f-4b52-8764-3080872d9337')}
2025-10-16 08:02:29 | DEBUG: {'LoadDefinition': 'oracle_edm_hub_customer', 'Source': 'staging_oracle_edm.hub_customer', 'SourceQuery': 'SELECT * FROM domain_party.etl_hub_customer_oracle_edm', 'Target': 'domain_party.hub_customer', 'SaveMode': 'append', 'is_success': True, 'ErrorMessage': '', 'ErrorFailureType': '', 'refresh_row': Row(source_database_name='staging_oracle_edm', source_table_or_view_name='hub_customer', target_database_name='domain_party', target_table_name='hub_customer', last_refresh_timestamp=datetime.datetime(2025, 10, 16, 8, 0, 36, 81940
2025-10-16 08:02:29,143 INFO UserConsole [redirect output]: 9), run_id='da82fce1-3c6f-4b52-8764-3080872d9337')}
2025-10-16 08:02:29 | DEBUG: {'LoadDefinition': 'oracle_edm_lnk_customer_customer_sites', 'Source': 'staging_oracle_edm.lnk_customer_customer_sites', 'SourceQuery': 'SELECT * FROM domain_party.etl_lnk_customer_customer_sites_oracle_edm', 'Target': 'domain_party.lnk_customer_customer_sites', 'SaveMode': 'append', 'is_success': True, 'ErrorMessage': '', 'ErrorFailureType': '', 'refresh_row': Row(source_database_name='staging_oracle_edm', source_table_or_view_name='lnk_customer_customer_sites', target_database_name='domain_party', target_table_name='lnk_customer_customer_sites', last_refresh_timestamp=datetime.datetime(2025, 10, 16, 8, 0, 36, 837011), run_id='da82fce1-3c6f-4b52-8764-3080872d9337')}
2025-10-16 08:02:29 | DEBUG: {'LoadDefinition': 'oracle_edm_hal_customer_top_account_grouping', 'Source': 'staging_oracle_edm.hal_customer_top_account_grouping', 'SourceQuery': 'SELECT * FROM domain_party.etl_hal_customer_top_account_grouping_oracle_edm', 'Target': '
2025-10-16 08:02:29,144 INFO UserConsole [redirect output]: domain_party.hal_customer_top_account_grouping', 'SaveMode': 'append', 'is_success': True, 'ErrorMessage': '', 'ErrorFailureType': '', 'refresh_row': Row(source_database_name='staging_oracle_edm', source_table_or_view_name='hal_customer_top_account_grouping', target_database_name='domain_party', target_table_name='hal_customer_top_account_grouping', last_refresh_timestamp=datetime.datetime(2025, 10, 16, 8, 0, 36, 961272), run_id='da82fce1-3c6f-4b52-8764-3080872d9337')}
2025-10-16 08:02:29 | DEBUG: {'LoadDefinition': 'oracle_edm_hub_customer_sites', 'Source': 'staging_oracle_edm.hub_customer_sites', 'SourceQuery': 'SELECT * FROM domain_party.etl_hub_customer_sites_oracle_edm', 'Target': 'domain_party.hub_customer_sites', 'SaveMode': 'append', 'is_success': True, 'ErrorMessage': '', 'ErrorFailureType': '', 'refresh_row': Row(source_database_name='staging_oracle_edm', source_table_or_view_name='hub_customer_sites', target_database_name='domain_party', target_table_name='hub_customer_sites', last_refresh_timestam
2025-10-16 08:02:29,144 INFO UserConsole [redirect output]: p=datetime.datetime(2025, 10, 16, 8, 0, 37, 299976), run_id='da82fce1-3c6f-4b52-8764-3080872d9337')}
2025-10-16 08:02:29 | DEBUG: {'LoadDefinition': 'oracle_edm_lnk_customer_sites_sales_team', 'Source': 'staging_oracle_edm.lnk_customer_sites_sales_team', 'SourceQuery': 'SELECT * FROM domain_party.etl_lnk_customer_sites_sales_team_oracle_edm', 'Target': 'domain_party.lnk_customer_sites_sales_team', 'SaveMode': 'append', 'is_success': True, 'ErrorMessage': '', 'ErrorFailureType': '', 'refresh_row': Row(source_database_name='staging_oracle_edm', source_table_or_view_name='lnk_customer_sites_sales_team', target_database_name='domain_party', target_table_name='lnk_customer_sites_sales_team', last_refresh_timestamp=datetime.datetime(2025, 10, 16, 8, 0, 38, 595871), run_id='da82fce1-3c6f-4b52-8764-3080872d9337')}
2025-10-16 08:02:29 | DEBUG: {'LoadDefinition': 'oracle_edm_lnk_employee_sales_team', 'Source': 'staging_oracle_edm.lnk_employee_sales_team', 'SourceQuery': 'SELECT * FROM domain_party.etl_lnk_employee_sale
2025-10-16 08:02:29,145 INFO UserConsole [redirect output]: s_team_oracle_edm', 'Target': 'domain_party.lnk_employee_sales_team', 'SaveMode': 'append', 'is_success': True, 'ErrorMessage': '', 'ErrorFailureType': '', 'refresh_row': Row(source_database_name='staging_oracle_edm', source_table_or_view_name='lnk_employee_sales_team', target_database_name='domain_party', target_table_name='lnk_employee_sales_team', last_refresh_timestamp=datetime.datetime(2025, 10, 16, 8, 0, 41, 108758), run_id='da82fce1-3c6f-4b52-8764-3080872d9337')}
2025-10-16 08:02:29 | DEBUG: {'LoadDefinition': 'oracle_edm_sat_customer_sites_attributes', 'Source': 'staging_oracle_edm.sat_customer_sites_attributes_oracle_edm', 'SourceQuery': 'SELECT * FROM domain_party.etl_sat_customer_sites_attributes_oracle_edm', 'Target': 'domain_party.sat_customer_sites_attributes_oracle_edm', 'SaveMode': 'merge', 'is_success': True, 'ErrorMessage': '', 'ErrorFailureType': '', 'refresh_row': Row(source_database_name='staging_oracle_edm', source_table_or_view_name='sat_customer_sites_attributes_oracle_edm', target_dat
2025-10-16 08:02:29,146 INFO UserConsole [redirect output]: abase_name='domain_party', target_table_name='sat_customer_sites_attributes_oracle_edm', last_refresh_timestamp=datetime.datetime(2025, 10, 16, 8, 0, 50, 221040), run_id='da82fce1-3c6f-4b52-8764-3080872d9337')}
2025-10-16 08:02:29 | DEBUG: {'LoadDefinition': 'oracle_edm_sat_employee_sales_team_attributes', 'Source': 'staging_oracle_edm.sat_employee_sales_team_attributes_oracle_edm', 'SourceQuery': 'SELECT * FROM domain_party.etl_sat_employee_sales_team_attributes_oracle_edm', 'Target': 'domain_party.sat_employee_sales_team_attributes_oracle_edm', 'SaveMode': 'merge', 'is_success': True, 'ErrorMessage': '', 'ErrorFailureType': '', 'refresh_row': Row(source_database_name='staging_oracle_edm', source_table_or_view_name='sat_employee_sales_team_attributes_oracle_edm', target_database_name='domain_party', target_table_name='sat_employee_sales_team_attributes_oracle_edm', last_refresh_timestamp=datetime.datetime(2025, 10, 16, 8, 0, 51, 30081), run_id='da82fce1-3c6f-4b52-8764-3080872d9337')}
2025-10-16 08:02:29 | DE
2025-10-16 08:02:29,146 INFO UserConsole [redirect output]: BUG: {'LoadDefinition': 'oracle_edm_sat_customer_sites_sales_team', 'Source': 'staging_oracle_edm.sat_customer_sites_sales_team_oracle_edm', 'SourceQuery': 'SELECT * FROM domain_party.etl_sat_customer_sites_sales_team_oracle_edm', 'Target': 'domain_party.sat_customer_sites_sales_team_oracle_edm', 'SaveMode': 'merge', 'is_success': True, 'ErrorMessage': '', 'ErrorFailureType': '', 'refresh_row': Row(source_database_name='staging_oracle_edm', source_table_or_view_name='sat_customer_sites_sales_team_oracle_edm', target_database_name='domain_party', target_table_name='sat_customer_sites_sales_team_oracle_edm', last_refresh_timestamp=datetime.datetime(2025, 10, 16, 8, 0, 55, 633028), run_id='da82fce1-3c6f-4b52-8764-3080872d9337')}
2025-10-16 08:02:29 | DEBUG: {'LoadDefinition': 'oracle_erp_hub_customer', 'Source': 'staging_oracle_fusion_erp.hub_customer', 'SourceQuery': 'SELECT * FROM domain_party.etl_hub_customer_oracle_erp', 'Target': 'domain_party.hub_customer', 'SaveMode': 'append', 'is_success': True, 'ErrorM
2025-10-16 08:02:29,147 INFO UserConsole [redirect output]: essage': '', 'ErrorFailureType': '', 'refresh_row': Row(source_database_name='staging_oracle_fusion_erp', source_table_or_view_name='hub_customer', target_database_name='domain_party', target_table_name='hub_customer', last_refresh_timestamp=datetime.datetime(2025, 10, 16, 8, 1, 8, 462406), run_id='da82fce1-3c6f-4b52-8764-3080872d9337')}
2025-10-16 08:02:29 | DEBUG: {'LoadDefinition': 'oracle_erp_hub_dg5_customer', 'Source': 'staging_oracle_fusion_erp.hub_dg5_customer', 'SourceQuery': 'SELECT * FROM domain_party.etl_hub_dg5_customer_oracle_erp', 'Target': 'domain_party.hub_dg5_customer', 'SaveMode': 'append', 'is_success': True, 'ErrorMessage': '', 'ErrorFailureType': '', 'refresh_row': Row(source_database_name='staging_oracle_fusion_erp', source_table_or_view_name='hub_dg5_customer', target_database_name='domain_party', target_table_name='hub_dg5_customer', last_refresh_timestamp=datetime.datetime(2025, 10, 16, 8, 1, 11, 184948), run_id='da82fce1-3c6f-4b52-8764-3080872d9337')}
2025-10-16 08:02:29 | DEBUG: {'
2025-10-16 08:02:29,148 INFO UserConsole [redirect output]: LoadDefinition': 'oracle_erp_sal_dg5_customer', 'Source': 'staging_oracle_fusion_erp.sal_dg5_customer', 'SourceQuery': 'select * from domain_party.etl_sal_dg5_customer_oracle_erp', 'Target': 'domain_party.sal_dg5_customer', 'SaveMode': 'append', 'is_success': True, 'ErrorMessage': '', 'ErrorFailureType': '', 'refresh_row': Row(source_database_name='staging_oracle_fusion_erp', source_table_or_view_name='sal_dg5_customer', target_database_name='domain_party', target_table_name='sal_dg5_customer', last_refresh_timestamp=datetime.datetime(2025, 10, 16, 8, 1, 11, 992067), run_id='da82fce1-3c6f-4b52-8764-3080872d9337')}
2025-10-16 08:02:29 | DEBUG: {'LoadDefinition': 'oracle_erp_hub_customer_sites', 'Source': 'staging_oracle_fusion_erp.hub_customer_sites', 'SourceQuery': 'SELECT * FROM domain_party.etl_hub_customer_sites_oracle_erp', 'Target': 'domain_party.hub_customer_sites', 'SaveMode': 'append', 'is_success': True, 'ErrorMessage': '', 'ErrorFailureType': '', 'refresh_row': Row(source_database_name='staging_orac
2025-10-16 08:02:29,148 INFO UserConsole [redirect output]: le_fusion_erp', source_table_or_view_name='hub_customer_sites', target_database_name='domain_party', target_table_name='hub_customer_sites', last_refresh_timestamp=datetime.datetime(2025, 10, 16, 8, 1, 14, 933685), run_id='da82fce1-3c6f-4b52-8764-3080872d9337')}
2025-10-16 08:02:29 | DEBUG: {'LoadDefinition': 'oracle_erp_sat_dg5_customer_attributes', 'Source': 'staging_oracle_fusion_erp.sat_dg5_customer_attributes_oracle_erp', 'SourceQuery': 'SELECT * FROM domain_party.etl_sat_dg5_customer_attributes_oracle_erp', 'Target': 'domain_party.sat_dg5_customer_attributes_oracle_erp', 'SaveMode': 'merge', 'is_success': True, 'ErrorMessage': '', 'ErrorFailureType': '', 'refresh_row': Row(source_database_name='staging_oracle_fusion_erp', source_table_or_view_name='sat_dg5_customer_attributes_oracle_erp', target_database_name='domain_party', target_table_name='sat_dg5_customer_attributes_oracle_erp', last_refresh_timestamp=datetime.datetime(2025, 10, 16, 8, 1, 19, 472880), run_id='da82fce1-3c6f-4b52-8764-3080872d9337')}
2025-10-16 08:02:29,149 INFO UserConsole [redirect output]: 
2025-10-16 08:02:29 | DEBUG: {'LoadDefinition': 'oracle_erp_lnk_customer_customer_sites', 'Source': 'staging_oracle_fusion_erp.lnk_customer_customer_sites', 'SourceQuery': 'SELECT * FROM domain_party.etl_lnk_customer_customer_sites_oracle_erp', 'Target': 'domain_party.lnk_customer_customer_sites', 'SaveMode': 'append', 'is_success': True, 'ErrorMessage': '', 'ErrorFailureType': '', 'refresh_row': Row(source_database_name='staging_oracle_fusion_erp', source_table_or_view_name='lnk_customer_customer_sites', target_database_name='domain_party', target_table_name='lnk_customer_customer_sites', last_refresh_timestamp=datetime.datetime(2025, 10, 16, 8, 1, 22, 909136), run_id='da82fce1-3c6f-4b52-8764-3080872d9337')}
2025-10-16 08:02:29 | DEBUG: {'LoadDefinition': 'oracle_erp_sat_customer_sites_attributes', 'Source': 'staging_oracle_fusion_erp.sat_customer_sites_attributes_oracle_erp', 'SourceQuery': 'SELECT * FROM domain_party.etl_sat_customer_sites_attributes_oracle_erp', 'Target': 'domain_party.sat_customer_sites
2025-10-16 08:02:29,149 INFO UserConsole [redirect output]: _attributes_oracle_erp', 'SaveMode': 'merge', 'is_success': True, 'ErrorMessage': '', 'ErrorFailureType': '', 'refresh_row': Row(source_database_name='staging_oracle_fusion_erp', source_table_or_view_name='sat_customer_sites_attributes_oracle_erp', target_database_name='domain_party', target_table_name='sat_customer_sites_attributes_oracle_erp', last_refresh_timestamp=datetime.datetime(2025, 10, 16, 8, 2, 7, 390563), run_id='da82fce1-3c6f-4b52-8764-3080872d9337')}
2025-10-16 08:02:29 | DEBUG: {'LoadDefinition': 'oracle_erp_sat_customer_attributes', 'Source': 'staging_oracle_fusion_erp.sat_customer_attributes_oracle_erp', 'SourceQuery': 'SELECT * FROM domain_party.etl_sat_customer_attributes_oracle_erp', 'Target': 'domain_party.sat_customer_attributes_oracle_erp', 'SaveMode': 'merge', 'is_success': False, 'ErrorMessage': '', 'ErrorFailureType': '', 'refresh_row': Row(source_database_name='staging_oracle_fusion_erp', source_table_or_view_name='sat_customer_attributes_oracle_erp', target_database_name='domain_pa
2025-10-16 08:02:29,150 INFO UserConsole [redirect output]: rty', target_table_name='sat_customer_attributes_oracle_erp', last_refresh_timestamp=datetime.datetime(2025, 10, 16, 8, 2, 15, 145355), run_id='da82fce1-3c6f-4b52-8764-3080872d9337')}

2025-10-16 08:02:29,329 INFO UserConsole [redirect output]: 2025-10-16 08:02:29 | INFO: All count: 36. Success count: 35

2025-10-16 08:02:29,332 INFO UserConsole [redirect output]: 2025-10-16 08:02:29 | INFO: Result(LoadDefinition='ax_hal_customer_site_midparent', PipelineRunId='da82fce1-3c6f-4b52-8764-3080872d9337', LoadOrder=1, Status='Success', StartDateTime=datetime.datetime(2025, 10, 16, 7, 57, 32, 135823), EndDateTime=datetime.datetime(2025, 10, 16, 7, 58, 40, 944170), ErrorFailureType='', ErrorMessage='')
2025-10-16 08:02:29 | INFO: Result(LoadDefinition='ax_hub_customer', PipelineRunId='da82fce1-3c6f-4b52-8764-3080872d9337', LoadOrder=1, Status='Success', StartDateTime=datetime.datetime(2025, 10, 16, 7, 57, 32, 135823), EndDateTime=datetime.datetime(2025, 10, 16, 7, 58, 41, 51970), ErrorFailureType='', ErrorMessage='')

2025-10-16 08:02:29,333 INFO UserConsole [redirect output]: 2025-10-16 08:02:29 | INFO: Result(LoadDefinition='ax_hub_customer_sites', PipelineRunId='da82fce1-3c6f-4b52-8764-3080872d9337', LoadOrder=1, Status='Success', StartDateTime=datetime.datetime(2025, 10, 16, 7, 57, 32, 135823), EndDateTime=datetime.datetime(2025, 10, 16, 7, 58, 41, 576734), ErrorFailureType='', ErrorMessage='')
2025-10-16 08:02:29 | INFO: Result(LoadDefinition='ax_hub_dg5_customer', PipelineRunId='da82fce1-3c6f-4b52-8764-3080872d9337', LoadOrder=1, Status='Success', StartDateTime=datetime.datetime(2025, 10, 16, 7, 57, 32, 135823), EndDateTime=datetime.datetime(2025, 10, 16, 7, 58, 40, 539431), ErrorFailureType='', ErrorMessage='')
2025-10-16 08:02:29 | INFO: Result(LoadDefinition='ax_hub_sales_team', PipelineRunId='da82fce1-3c6f-4b52-8764-3080872d9337', LoadOrder=1, Status='Success', StartDateTime=datetime.datetime(2025, 10, 16, 7, 57, 32, 135823), EndDateTime=datetime.datetime(2025, 10, 16, 7, 58, 40, 214195), ErrorFailureType='', ErrorMessage='')
2025-10-16 08:02:29 | INFO: Result(LoadDefinit
2025-10-16 08:02:29,334 INFO UserConsole [redirect output]: ion='ax_lnk_customer_customer_sites', PipelineRunId='da82fce1-3c6f-4b52-8764-3080872d9337', LoadOrder=1, Status='Success', StartDateTime=datetime.datetime(2025, 10, 16, 7, 57, 32, 135823), EndDateTime=datetime.datetime(2025, 10, 16, 7, 58, 42, 140060), ErrorFailureType='', ErrorMessage='')
2025-10-16 08:02:29 | INFO: Result(LoadDefinition='ax_lnk_customer_sites_sales_team', PipelineRunId='da82fce1-3c6f-4b52-8764-3080872d9337', LoadOrder=1, Status='Success', StartDateTime=datetime.datetime(2025, 10, 16, 7, 57, 32, 135823), EndDateTime=datetime.datetime(2025, 10, 16, 7, 58, 36, 950474), ErrorFailureType='', ErrorMessage='')
2025-10-16 08:02:29 | INFO: Result(LoadDefinition='ax_lnk_employee_sales_team', PipelineRunId='da82fce1-3c6f-4b52-8764-3080872d9337', LoadOrder=1, Status='Success', StartDateTime=datetime.datetime(2025, 10, 16, 7, 57, 32, 135823), EndDateTime=datetime.datetime(2025, 10, 16, 7, 58, 54, 336128), ErrorFailureType='', ErrorMessage='')
2025-10-16 08:02:29 | INFO: Result(LoadDefinition='ax_ref_cus
2025-10-16 08:02:29,334 INFO UserConsole [redirect output]: tomer_account_site_mapping', PipelineRunId='da82fce1-3c6f-4b52-8764-3080872d9337', LoadOrder=1, Status='Success', StartDateTime=datetime.datetime(2025, 10, 16, 7, 57, 32, 135823), EndDateTime=datetime.datetime(2025, 10, 16, 7, 58, 39, 757441), ErrorFailureType='', ErrorMessage='')
2025-10-16 08:02:29 | INFO: Result(LoadDefinition='ax_sat_customer_attributes', PipelineRunId='da82fce1-3c6f-4b52-8764-3080872d9337', LoadOrder=1, Status='Success', StartDateTime=datetime.datetime(2025, 10, 16, 7, 57, 32, 135823), EndDateTime=datetime.datetime(2025, 10, 16, 7, 59, 45, 641109), ErrorFailureType='', ErrorMessage='')
2025-10-16 08:02:29 | INFO: Result(LoadDefinition='ax_sat_customer_sites_attributes', PipelineRunId='da82fce1-3c6f-4b52-8764-3080872d9337', LoadOrder=1, Status='Success', StartDateTime=datetime.datetime(2025, 10, 16, 7, 57, 32, 135823), EndDateTime=datetime.datetime(2025, 10, 16, 8, 0, 16, 51308), ErrorFailureType='', ErrorMessage='')
2025-10-16 08:02:29 | INFO: Result(LoadDefinition='ax_sat_customer_sites
2025-10-16 08:02:29,335 INFO UserConsole [redirect output]: _sales_team', PipelineRunId='da82fce1-3c6f-4b52-8764-3080872d9337', LoadOrder=1, Status='Success', StartDateTime=datetime.datetime(2025, 10, 16, 7, 57, 32, 135823), EndDateTime=datetime.datetime(2025, 10, 16, 7, 59, 44, 218185), ErrorFailureType='', ErrorMessage='')
2025-10-16 08:02:29 | INFO: Result(LoadDefinition='ax_sat_dg5_customer_attributes', PipelineRunId='da82fce1-3c6f-4b52-8764-3080872d9337', LoadOrder=1, Status='Success', StartDateTime=datetime.datetime(2025, 10, 16, 7, 57, 32, 135823), EndDateTime=datetime.datetime(2025, 10, 16, 7, 59, 59, 662216), ErrorFailureType='', ErrorMessage='')
2025-10-16 08:02:29 | INFO: Result(LoadDefinition='ax_sat_employee_sales_team_attributes', PipelineRunId='da82fce1-3c6f-4b52-8764-3080872d9337', LoadOrder=1, Status='Success', StartDateTime=datetime.datetime(2025, 10, 16, 7, 57, 32, 135823), EndDateTime=datetime.datetime(2025, 10, 16, 7, 59, 48, 371565), ErrorFailureType='', ErrorMessage='')
2025-10-16 08:02:29 | INFO: Result(LoadDefinition='ax_sat_sales_team_attribu
2025-10-16 08:02:29,335 INFO UserConsole [redirect output]: tes', PipelineRunId='da82fce1-3c6f-4b52-8764-3080872d9337', LoadOrder=1, Status='Success', StartDateTime=datetime.datetime(2025, 10, 16, 7, 57, 32, 135823), EndDateTime=datetime.datetime(2025, 10, 16, 7, 59, 48, 578341), ErrorFailureType='', ErrorMessage='')
2025-10-16 08:02:29 | INFO: Result(LoadDefinition='oracle_edm_hal_customer_site_midparent', PipelineRunId='da82fce1-3c6f-4b52-8764-3080872d9337', LoadOrder=2, Status='Success', StartDateTime=datetime.datetime(2025, 10, 16, 8, 0, 16, 292643), EndDateTime=datetime.datetime(2025, 10, 16, 8, 0, 36, 775818), ErrorFailureType='', ErrorMessage='')
2025-10-16 08:02:29 | INFO: Result(LoadDefinition='oracle_edm_hal_customer_top_account_grouping', PipelineRunId='da82fce1-3c6f-4b52-8764-3080872d9337', LoadOrder=2, Status='Success', StartDateTime=datetime.datetime(2025, 10, 16, 8, 0, 16, 292643), EndDateTime=datetime.datetime(2025, 10, 16, 8, 0, 37, 95645), ErrorFailureType='', ErrorMessage='')
2025-10-16 08:02:29 | INFO: Result(LoadDefinition='oracle_edm_hub_customer
2025-10-16 08:02:29,336 INFO UserConsole [redirect output]: ', PipelineRunId='da82fce1-3c6f-4b52-8764-3080872d9337', LoadOrder=2, Status='Success', StartDateTime=datetime.datetime(2025, 10, 16, 8, 0, 16, 292643), EndDateTime=datetime.datetime(2025, 10, 16, 8, 0, 37, 50753), ErrorFailureType='', ErrorMessage='')
2025-10-16 08:02:29 | INFO: Result(LoadDefinition='oracle_edm_hub_customer_sites', PipelineRunId='da82fce1-3c6f-4b52-8764-3080872d9337', LoadOrder=2, Status='Success', StartDateTime=datetime.datetime(2025, 10, 16, 8, 0, 16, 292643), EndDateTime=datetime.datetime(2025, 10, 16, 8, 0, 37, 300327), ErrorFailureType='', ErrorMessage='')
2025-10-16 08:02:29 | INFO: Result(LoadDefinition='oracle_edm_hub_sales_team', PipelineRunId='da82fce1-3c6f-4b52-8764-3080872d9337', LoadOrder=2, Status='Success', StartDateTime=datetime.datetime(2025, 10, 16, 8, 0, 16, 292643), EndDateTime=datetime.datetime(2025, 10, 16, 8, 0, 34, 88263), ErrorFailureType='', ErrorMessage='')
2025-10-16 08:02:29 | INFO: Result(LoadDefinition='oracle_edm_lnk_customer_customer_sites', PipelineRunId='d
2025-10-16 08:02:29,337 INFO UserConsole [redirect output]: a82fce1-3c6f-4b52-8764-3080872d9337', LoadOrder=2, Status='Success', StartDateTime=datetime.datetime(2025, 10, 16, 8, 0, 16, 292643), EndDateTime=datetime.datetime(2025, 10, 16, 8, 0, 37, 78646), ErrorFailureType='', ErrorMessage='')
2025-10-16 08:02:29 | INFO: Result(LoadDefinition='oracle_edm_lnk_customer_sales_team', PipelineRunId='da82fce1-3c6f-4b52-8764-3080872d9337', LoadOrder=2, Status='Success', StartDateTime=datetime.datetime(2025, 10, 16, 8, 0, 16, 292643), EndDateTime=datetime.datetime(2025, 10, 16, 8, 0, 33, 584163), ErrorFailureType='', ErrorMessage='')
2025-10-16 08:02:29 | INFO: Result(LoadDefinition='oracle_edm_lnk_customer_sites_sales_team', PipelineRunId='da82fce1-3c6f-4b52-8764-3080872d9337', LoadOrder=2, Status='Success', StartDateTime=datetime.datetime(2025, 10, 16, 8, 0, 16, 292643), EndDateTime=datetime.datetime(2025, 10, 16, 8, 0, 38, 596094), ErrorFailureType='', ErrorMessage='')
2025-10-16 08:02:29 | INFO: Result(LoadDefinition='oracle_edm_lnk_employee_sales_team', PipelineRunId='da8
2025-10-16 08:02:29,337 INFO UserConsole [redirect output]: 2fce1-3c6f-4b52-8764-3080872d9337', LoadOrder=2, Status='Success', StartDateTime=datetime.datetime(2025, 10, 16, 8, 0, 16, 292643), EndDateTime=datetime.datetime(2025, 10, 16, 8, 0, 41, 109008), ErrorFailureType='', ErrorMessage='')
2025-10-16 08:02:29 | INFO: Result(LoadDefinition='oracle_edm_sat_customer_sales_team', PipelineRunId='da82fce1-3c6f-4b52-8764-3080872d9337', LoadOrder=2, Status='Success', StartDateTime=datetime.datetime(2025, 10, 16, 8, 0, 16, 292643), EndDateTime=datetime.datetime(2025, 10, 16, 8, 0, 33, 997909), ErrorFailureType='', ErrorMessage='')
2025-10-16 08:02:29 | INFO: Result(LoadDefinition='oracle_edm_sat_customer_sites_attributes', PipelineRunId='da82fce1-3c6f-4b52-8764-3080872d9337', LoadOrder=2, Status='Success', StartDateTime=datetime.datetime(2025, 10, 16, 8, 0, 16, 292643), EndDateTime=datetime.datetime(2025, 10, 16, 8, 0, 50, 221289), ErrorFailureType='', ErrorMessage='')
2025-10-16 08:02:29 | INFO: Result(LoadDefinition='oracle_edm_sat_customer_sites_sales_team', PipelineRunId
2025-10-16 08:02:29,338 INFO UserConsole [redirect output]: ='da82fce1-3c6f-4b52-8764-3080872d9337', LoadOrder=2, Status='Success', StartDateTime=datetime.datetime(2025, 10, 16, 8, 0, 16, 292643), EndDateTime=datetime.datetime(2025, 10, 16, 8, 0, 55, 633239), ErrorFailureType='', ErrorMessage='')
2025-10-16 08:02:29 | INFO: Result(LoadDefinition='oracle_edm_sat_employee_sales_team_attributes', PipelineRunId='da82fce1-3c6f-4b52-8764-3080872d9337', LoadOrder=2, Status='Success', StartDateTime=datetime.datetime(2025, 10, 16, 8, 0, 16, 292643), EndDateTime=datetime.datetime(2025, 10, 16, 8, 0, 51, 30367), ErrorFailureType='', ErrorMessage='')
2025-10-16 08:02:29 | INFO: Result(LoadDefinition='oracle_erp_hub_customer', PipelineRunId='da82fce1-3c6f-4b52-8764-3080872d9337', LoadOrder=3, Status='Success', StartDateTime=datetime.datetime(2025, 10, 16, 8, 0, 55, 851822), EndDateTime=datetime.datetime(2025, 10, 16, 8, 1, 8, 462626), ErrorFailureType='', ErrorMessage='')
2025-10-16 08:02:29 | INFO: Result(LoadDefinition='oracle_erp_hub_customer_sites', PipelineRunId='da82fce1-3c6
2025-10-16 08:02:29,339 INFO UserConsole [redirect output]: f-4b52-8764-3080872d9337', LoadOrder=3, Status='Success', StartDateTime=datetime.datetime(2025, 10, 16, 8, 0, 55, 851822), EndDateTime=datetime.datetime(2025, 10, 16, 8, 1, 14, 933901), ErrorFailureType='', ErrorMessage='')
2025-10-16 08:02:29 | INFO: Result(LoadDefinition='oracle_erp_hub_dg5_customer', PipelineRunId='da82fce1-3c6f-4b52-8764-3080872d9337', LoadOrder=3, Status='Success', StartDateTime=datetime.datetime(2025, 10, 16, 8, 0, 55, 851822), EndDateTime=datetime.datetime(2025, 10, 16, 8, 1, 11, 185160), ErrorFailureType='', ErrorMessage='')
2025-10-16 08:02:29 | INFO: Result(LoadDefinition='oracle_erp_lnk_customer_customer_sites', PipelineRunId='da82fce1-3c6f-4b52-8764-3080872d9337', LoadOrder=3, Status='Success', StartDateTime=datetime.datetime(2025, 10, 16, 8, 0, 55, 851822), EndDateTime=datetime.datetime(2025, 10, 16, 8, 1, 22, 909391), ErrorFailureType='', ErrorMessage='')
2025-10-16 08:02:29 | INFO: Result(LoadDefinition='oracle_erp_sal_dg5_customer', PipelineRunId='da82fce1-3c6f-4b52-8764-30808
2025-10-16 08:02:29,339 INFO UserConsole [redirect output]: 72d9337', LoadOrder=3, Status='Success', StartDateTime=datetime.datetime(2025, 10, 16, 8, 0, 55, 851822), EndDateTime=datetime.datetime(2025, 10, 16, 8, 1, 11, 992269), ErrorFailureType='', ErrorMessage='')
2025-10-16 08:02:29 | INFO: Result(LoadDefinition='oracle_erp_sat_customer_attributes', PipelineRunId='da82fce1-3c6f-4b52-8764-3080872d9337', LoadOrder=3, Status='Failed', StartDateTime=datetime.datetime(2025, 10, 16, 8, 0, 55, 851822), EndDateTime=None, ErrorFailureType='', ErrorMessage='')
2025-10-16 08:02:29 | INFO: Result(LoadDefinition='oracle_erp_sat_customer_sites_attributes', PipelineRunId='da82fce1-3c6f-4b52-8764-3080872d9337', LoadOrder=3, Status='Success', StartDateTime=datetime.datetime(2025, 10, 16, 8, 0, 55, 851822), EndDateTime=datetime.datetime(2025, 10, 16, 8, 2, 7, 390833), ErrorFailureType='', ErrorMessage='')
2025-10-16 08:02:29 | INFO: Result(LoadDefinition='oracle_erp_sat_dg5_customer_attributes', PipelineRunId='da82fce1-3c6f-4b52-8764-3080872d9337', LoadOrder=3, Status='Success', Sta
2025-10-16 08:02:29,340 INFO UserConsole [redirect output]: rtDateTime=datetime.datetime(2025, 10, 16, 8, 0, 55, 851822), EndDateTime=datetime.datetime(2025, 10, 16, 8, 1, 19, 473240), ErrorFailureType='', ErrorMessage='')
2025-10-16 08:02:29 | EXCEPTION: {'LoadDefinition': 'oracle_erp_sat_customer_attributes', 'Source': 'staging_oracle_fusion_erp.sat_customer_attributes_oracle_erp', 'SourceQuery': 'SELECT * FROM domain_party.etl_sat_customer_attributes_oracle_erp', 'Target': 'domain_party.sat_customer_attributes_oracle_erp', 'SaveMode': 'merge', 'is_success': False, 'ErrorMessage': '', 'ErrorFailureType': '', 'refresh_row': Row(source_database_name='staging_oracle_fusion_erp', source_table_or_view_name='sat_customer_attributes_oracle_erp', target_database_name='domain_party', target_table_name='sat_customer_attributes_oracle_erp', last_refresh_timestamp=datetime.datetime(2025, 10, 16, 8, 2, 15, 145355), run_id='da82fce1-3c6f-4b52-8764-3080872d9337')}
Traceback (most recent call last):
  File "/mnt/var/hadoop/tmp/nm-local-dir/usercache/trusted-service-user/appcache/ap
2025-10-16 08:02:29,341 INFO UserConsole [redirect output]: plication_1760588195168_0069/container_1760588195168_0069_01_000001/main.py", line 609, in <module>
    raise Exception(
Exception: At least one of the load definitions raised an exception. Please review the exceptions in the log details.

2025-10-16 08:02:30,289 INFO UserConsole [pool-52-thread-1]: Calling LA appender v2 Stop...

2025-10-16 08:02:30,289 INFO UserConsole [pool-51-thread-1]: Calling LA appender v2 Stop...


End of LogType:stdout-active
******************************************************************************

